* ******************************************************************************

* iCEcube Report

* Version:            2020.12.27943

* Build Date:         Dec 10 2020 17:24:17

* File Generated:     Aug 25 2024 13:26:22

* Purpose:            General info of design implementation

* Copyright (C) 2006-2010 by Lattice Semiconductor Corp. All rights reserved.

* ******************************************************************************

Synthesis/Placement Summary:
----------------------------
    Status:  Successful
    Runtime: 5 seconds

Device Info:
------------
    Device Family: iCE40
    Device:        iCE40LP8K
    Package:       CM81

Design statistics:
------------------
    FFs:                  1077
    LUTs:                 3921
    RAMs:                 32
    IOBs:                 6
    GBs:                  7
    PLLs:                 1
    Warm Boots:           0

Logic Resource Utilization:
---------------------------
    Total Logic Cells: 3985/7680
        Combinational Logic Cells: 2908     out of   7680      37.8646%
        Sequential Logic Cells:    1077     out of   7680      14.0234%
        Logic Tiles:               615      out of   960       64.0625%
    Registers: 
        Logic Registers:           1077     out of   7680      14.0234%
        IO Registers:              0        out of   1280      0
    Block RAMs:                    32       out of   32        100%
    Warm Boots:                    0        out of   1         0%
    Pins:
        Input Pins:                1        out of   63        1.5873%
        Output Pins:               2        out of   63        3.1746%
        InOut Pins:                3        out of   63        4.7619%
    Global Buffers:                7        out of   8         87.5%
    PLLs:                          1        out of   1         100%

IO Bank Utilization:
--------------------
    Bank 3: 1        out of   18        5.55556%
    Bank 1: 0        out of   15        0%
    Bank 0: 5        out of   17        29.4118%
    Bank 2: 0        out of   13        0%

Detailed I/O Info:
------------------
    Input Pins: 
    Pin Number  Direction  IO Standard  Pull Up  IO Bank  IO Function                                Signal Name
    ----------  ---------  -----------  -------  -------  -----------                                -----------
    B2          Input      SB_LVCMOS    No       3        Simple Input                               clk     

    Output Pins: 
    Pin Number  Direction  IO Standard  Pull Up  IO Bank  IO Function                                Signal Name
    ----------  ---------  -----------  -------  -------  -----------                                -----------
    A3          Output     SB_LVCMOS    No       0        Output Tristatable by Enable               usb_pu  
    B3          Output     SB_LVCMOS    No       0        Simple Output                              led     

    Inoutput Pins: 
    Pin Number  Direction  IO Standard  Pull Up  IO Bank  IO Function                                Signal Name
    ----------  ---------  -----------  -------  -------  -----------                                -----------
    A2          InOut      SB_LVCMOS    No       0        Simple Input Output Tristatable by Enable  pin1    
    A4          InOut      SB_LVCMOS    No       0        Simple Input Output Tristatable by Enable  usb_n   
    B4          InOut      SB_LVCMOS    No       0        Simple Input Output Tristatable by Enable  usb_p   

Detailed Global Buffer Info:
----------------------------
    Buffer Number  IO Bank  Driven By  Fanout  Signal Name              
    -------------  -------  ---------  ------  -----------              
    5              2                   4       clk_c_g                  
    1              0                   363     u_usb_cdc.rstn_i_g       
    3              3                   113     u_app.u_uf16.N_4040_g    
    0              2                   254     u_app.u_uf16.rstn_i_i_g  
    2              1                   144     u_app.rstn_sq_i_g_0      
    4              0                   210     u_app.rstn_i_i_g         
    7              1                   687     clk_div8_g               


Router Summary:
---------------
    Status:  Successful
    Runtime: 43 seconds

Routing Resource Utilization:
-----------------------------
              Local line of tile    30094 out of 146184      20.5864%
                          Span 4    10052 out of  29696      33.8497%
                         Span 12     1731 out of   5632      30.7351%
                  Global network        8 out of      8      100%
      Vertical Inter-LUT Connect      964 out of   6720      14.3452%

